<!DOCTYPE html PUBLIC "-//W3C//DTD XHTML 1.1//EN" "https://www.w3.org/TR/xhtml11/DTD/xhtml11.dtd">
<html xmlns="https://www.w3.org/1999/xhtml">
<head>
<meta http-equiv="content-type" content="text/html; charset=UTF-8"/>
<title>TestNG Report</title>
<style type="text/css">table {margin-bottom:10px;border-collapse:collapse;empty-cells:show}th,td {border:1px solid #009;padding:.25em .5em}th {vertical-align:bottom}td {vertical-align:top}table a {font-weight:bold}.stripe td {background-color: #E6EBF9}.num {text-align:right}.passedodd td {background-color: #3F3}.passedeven td {background-color: #0A0}.skippedodd td {background-color: #DDD}.skippedeven td {background-color: #CCC}.failedodd td,.attn {background-color: #F33}.failedeven td,.stripe .attn {background-color: #D00}.stacktrace {white-space:pre;font-family:monospace}.totop {font-size:85%;text-align:center;border-bottom:2px solid #000}.invisible {display:none}</style>
</head>
<body>
<table>
<tr><th>Test</th><th># Passed</th><th># Skipped</th><th># Retried</th><th># Failed</th><th>Time (ms)</th><th>Included Groups</th><th>Excluded Groups</th></tr>
<tr><th colspan="8">Default suite</th></tr>
<tr><td><a href="#t0">Default test</a></td><td class="num">0</td><td class="num attn">3</td><td class="num">0</td><td class="num">0</td><td class="num">4,466</td><td></td><td></td></tr>
</table>
<table id='summary'><thead><tr><th>Class</th><th>Method</th><th>Start</th><th>Time (ms)</th></tr></thead><tbody><tr><th colspan="4">Default suite</th></tr></tbody><tbody id="t0"><tr><th colspan="4">Default test &#8212; skipped</th></tr><tr class="skippedeven"><td rowspan="3">testcases.TestRunner</td><td><a href="#m0">runScenario</a></td><td rowspan="3">1619688446408</td><td rowspan="3">256</td></tr><tr class="skippedeven"><td><a href="#m1">runScenario</a></td></tr><tr class="skippedeven"><td><a href="#m2">runScenario</a></td></tr></tbody>
</table>
<h2>Default test</h2><h3 id="m0">testcases.TestRunner#runScenario</h3><table class="result"><tr class="param"><th>Parameter #1</th><th>Parameter #2</th></tr><tr class="param stripe"><td>&quot;Admin user adds a product&quot;</td><td>&quot;Optional[Admin user add product]&quot;</td></tr><tr><th colspan="2">Exception</th></tr><tr><td colspan="2"><div class="stacktrace">org.testng.SkipException: Test skipped since AutoIT scripts can currenlty only run on local instances of browsers and not on remote webdrivers via Selenium Grid via this framework
	at testcases.AdminUserTests.initiateAdminUserTests(AdminUserTests.java:38)
	at stepdef.AdminUserAddMedicine.admin_user_successfully_signs_in_to_the_site_with_and(AdminUserAddMedicine.java:34)
	at ✽.admin user successfully signs in to the site with kn@gmail.com and 12345(file:///C:/Users/cajy7/OneDrive/Documents/Studies_and_Certs/Automation_Testing_Masters/Phase_5%20Capstone/Assessment/Project/medicaretest/src/test/java/features/AdminUserAddMedicine.feature:5)
</div></td></tr></table><p class="totop"><a href="#summary">back to summary</a></p>
<h3 id="m1">testcases.TestRunner#runScenario</h3><table class="result"><tr class="param"><th>Parameter #1</th><th>Parameter #2</th></tr><tr class="param stripe"><td>&quot;Admin user adds a product&quot;</td><td>&quot;Optional[Admin user add product]&quot;</td></tr><tr><th colspan="2">Exception</th></tr><tr><td colspan="2"><div class="stacktrace">org.testng.SkipException: Test skipped since AutoIT scripts can currenlty only run on local instances of browsers and not on remote webdrivers via Selenium Grid via this framework
	at testcases.AdminUserTests.initiateAdminUserTests(AdminUserTests.java:38)
	at stepdef.AdminUserAddMedicine.admin_user_successfully_signs_in_to_the_site_with_and(AdminUserAddMedicine.java:34)
	at ✽.admin user successfully signs in to the site with vk@gmail.com and admin(file:///C:/Users/cajy7/OneDrive/Documents/Studies_and_Certs/Automation_Testing_Masters/Phase_5%20Capstone/Assessment/Project/medicaretest/src/test/java/features/AdminUserAddMedicine.feature:5)
</div></td></tr></table><p class="totop"><a href="#summary">back to summary</a></p>
<h3 id="m2">testcases.TestRunner#runScenario</h3><table class="result"><tr class="param"><th>Parameter #1</th><th>Parameter #2</th></tr><tr class="param stripe"><td>&quot;Admin user adds a product&quot;</td><td>&quot;Optional[Admin user add product]&quot;</td></tr><tr><th colspan="2">Exception</th></tr><tr><td colspan="2"><div class="stacktrace">org.testng.SkipException: Test skipped since AutoIT scripts can currenlty only run on local instances of browsers and not on remote webdrivers via Selenium Grid via this framework
	at testcases.AdminUserTests.initiateAdminUserTests(AdminUserTests.java:38)
	at stepdef.AdminUserAddMedicine.admin_user_successfully_signs_in_to_the_site_with_and(AdminUserAddMedicine.java:34)
	at ✽.admin user successfully signs in to the site with vk@gmail.com and admin(file:///C:/Users/cajy7/OneDrive/Documents/Studies_and_Certs/Automation_Testing_Masters/Phase_5%20Capstone/Assessment/Project/medicaretest/src/test/java/features/AdminUserAddMedicine.feature:5)
</div></td></tr></table><p class="totop"><a href="#summary">back to summary</a></p>
</body>
</html>
